Traceback (most recent call last):
  File "/opt/conda/lib/python3.8/site-packages/psutil/_common.py", line 441, in wrapper
    ret = self._cache[fun]
AttributeError: _cache

During handling of the above exception, another exception occurred:

Traceback (most recent call last):
  File "/opt/conda/lib/python3.8/site-packages/psutil/_pslinux.py", line 1661, in wrapper
    return fun(self, *args, **kwargs)
  File "/opt/conda/lib/python3.8/site-packages/psutil/_common.py", line 444, in wrapper
    return fun(self)
  File "/opt/conda/lib/python3.8/site-packages/psutil/_pslinux.py", line 1703, in _parse_stat_file
    with open_binary("%s/%s/stat" % (self._procfs_path, self.pid)) as f:
  File "/opt/conda/lib/python3.8/site-packages/psutil/_common.py", line 711, in open_binary
    return open(fname, "rb", **kwargs)
FileNotFoundError: [Errno 2] No such file or directory: '/proc/47180/stat'

During handling of the above exception, another exception occurred:

Traceback (most recent call last):
  File "/opt/conda/lib/python3.8/site-packages/psutil/__init__.py", line 361, in _init
    self.create_time()
  File "/opt/conda/lib/python3.8/site-packages/psutil/__init__.py", line 717, in create_time
    self._create_time = self._proc.create_time()
  File "/opt/conda/lib/python3.8/site-packages/psutil/_pslinux.py", line 1661, in wrapper
    return fun(self, *args, **kwargs)
  File "/opt/conda/lib/python3.8/site-packages/psutil/_pslinux.py", line 1873, in create_time
    ctime = float(self._parse_stat_file()['create_time'])
  File "/opt/conda/lib/python3.8/site-packages/psutil/_pslinux.py", line 1668, in wrapper
    raise NoSuchProcess(self.pid, self._name)
psutil.NoSuchProcess: process no longer exists (pid=47180)

During handling of the above exception, another exception occurred:

Traceback (most recent call last):
  File "/opt/conda/bin/airflow", line 11, in <module>
    sys.exit(main())
  File "/opt/conda/lib/python3.8/site-packages/airflow/__main__.py", line 38, in main
    args.func(args)
  File "/opt/conda/lib/python3.8/site-packages/airflow/cli/cli_parser.py", line 51, in command
    return func(*args, **kwargs)
  File "/opt/conda/lib/python3.8/site-packages/airflow/utils/cli.py", line 99, in wrapper
    return f(*args, **kwargs)
  File "/opt/conda/lib/python3.8/site-packages/airflow/cli/commands/webserver_command.py", line 472, in webserver
    monitor_gunicorn(gunicorn_master_proc.pid)
  File "/opt/conda/lib/python3.8/site-packages/airflow/cli/commands/webserver_command.py", line 432, in monitor_gunicorn
    GunicornMonitor(
  File "/opt/conda/lib/python3.8/site-packages/airflow/cli/commands/webserver_command.py", line 205, in start
    self._wait_until_true(
  File "/opt/conda/lib/python3.8/site-packages/airflow/cli/commands/webserver_command.py", line 153, in _wait_until_true
    while not fn():
  File "/opt/conda/lib/python3.8/site-packages/airflow/cli/commands/webserver_command.py", line 206, in <lambda>
    lambda: self.num_workers_expected == self._get_num_workers_running(),
  File "/opt/conda/lib/python3.8/site-packages/airflow/cli/commands/webserver_command.py", line 147, in _get_num_workers_running
    workers = psutil.Process(self.gunicorn_master_proc.pid).children()
  File "/opt/conda/lib/python3.8/site-packages/psutil/__init__.py", line 332, in __init__
    self._init(pid)
  File "/opt/conda/lib/python3.8/site-packages/psutil/__init__.py", line 373, in _init
    raise NoSuchProcess(pid, msg='process PID not found')
psutil.NoSuchProcess: process PID not found (pid=47180)
